<?xml version="1.0" encoding="UTF-8"?>
<testng-results skipped="0" failed="0" ignored="0" total="1" passed="1">
  <reporter-output>
  </reporter-output>
  <suite name="Suite" duration-ms="16064" started-at="2020-08-14T18:38:40Z" finished-at="2020-08-14T18:38:56Z">
    <groups>
      <group name="cucumber">
        <method signature="AbstractTestNGCucumberTests.runScenario(io.cucumber.testng.PickleWrapper, io.cucumber.testng.FeatureWrapper)[pri:0, instance:com.shopclues.testscripts.TestRunner@73846619]" name="runScenario" class="io.cucumber.testng.AbstractTestNGCucumberTests"/>
      </group> <!-- cucumber -->
    </groups>
    <test name="Test" duration-ms="16064" started-at="2020-08-14T18:38:40Z" finished-at="2020-08-14T18:38:56Z">
      <class name="com.shopclues.testscripts.TestRunner">
        <test-method status="PASS" signature="setUpClass()[pri:0, instance:com.shopclues.testscripts.TestRunner@73846619]" name="setUpClass" is-config="true" duration-ms="223" started-at="2020-08-14T18:38:40Z" finished-at="2020-08-14T18:38:41Z">
          <reporter-output>
          </reporter-output>
        </test-method> <!-- setUpClass -->
        <test-method status="PASS" signature="runScenario(io.cucumber.testng.PickleWrapper, io.cucumber.testng.FeatureWrapper)[pri:0, instance:com.shopclues.testscripts.TestRunner@73846619]" name="runScenario" duration-ms="15818" started-at="2020-08-14T18:38:41Z" description="Runs Cucumber Scenarios" data-provider="scenarios" finished-at="2020-08-14T18:38:56Z">
          <params>
            <param index="0">
              <value>
                <![CDATA["A user should be able to buy mobile phone on Shopclues website"]]>
              </value>
            </param>
            <param index="1">
              <value>
                <![CDATA["Optional[Mobile Phone purchase]"]]>
              </value>
            </param>
          </params>
          <reporter-output>
          </reporter-output>
        </test-method> <!-- runScenario -->
        <test-method status="PASS" signature="tearDownClass()[pri:0, instance:com.shopclues.testscripts.TestRunner@73846619]" name="tearDownClass" is-config="true" duration-ms="4" started-at="2020-08-14T18:38:56Z" finished-at="2020-08-14T18:38:56Z">
          <reporter-output>
          </reporter-output>
        </test-method> <!-- tearDownClass -->
      </class> <!-- com.shopclues.testscripts.TestRunner -->
    </test> <!-- Test -->
  </suite> <!-- Suite -->
</testng-results>
